#  step      rmse_val    rmse_trn    rmse_e_val  rmse_e_trn    rmse_f_val  rmse_f_trn         lr
      0      1.35e+02    2.91e+02      1.26e-01    1.13e+00      1.35e+00    2.91e+00    1.0e-03
   1000      3.18e+01    6.24e+01      7.76e-01    5.23e-01      3.18e-01    6.24e-01    1.0e-03
   2000      1.41e+01    2.41e+01      4.97e-01    3.26e-01      1.41e-01    2.41e-01    1.0e-03
   3000      5.23e+01    3.55e+01      1.84e-01    3.92e-01      5.23e-01    3.55e-01    1.0e-03
   4000      3.89e+01    5.30e+01      2.76e-02    3.86e-02      3.89e-01    5.30e-01    1.0e-03
   5000      2.98e+01    4.11e+01      2.69e-01    2.17e-01      2.98e-01    4.11e-01    8.4e-04
   6000      2.68e+01    3.17e+01      5.71e-02    7.01e-02      2.68e-01    3.17e-01    8.4e-04
   7000      1.43e+01    2.73e+01      7.10e-02    8.64e-03      1.43e-01    2.73e-01    8.4e-04
   8000      2.17e+01    3.00e+01      5.48e-02    1.79e-02      2.17e-01    3.00e-01    8.4e-04
   9000      1.14e+01    3.08e+01      6.02e-01    5.10e-01      1.14e-01    3.08e-01    8.4e-04
  10000      2.52e+01    3.23e+01      1.67e-03    3.93e-02      2.52e-01    3.23e-01    7.1e-04
  11000      2.73e+01    1.93e+01      4.79e-02    2.53e-02      2.73e-01    1.93e-01    7.1e-04
  12000      2.62e+01    2.02e+01      4.44e-02    5.80e-02      2.62e-01    2.02e-01    7.1e-04
  13000      2.51e+01    4.14e+01      6.35e-02    6.83e-02      2.51e-01    4.14e-01    7.1e-04
  14000      1.75e+01    2.55e+01      1.50e-02    2.91e-02      1.75e-01    2.55e-01    7.1e-04
  15000      2.51e+01    1.51e+01      2.34e-01    1.73e-01      2.51e-01    1.51e-01    6.0e-04
  16000      1.64e+01    2.52e+01      6.97e-03    1.77e-02      1.64e-01    2.52e-01    6.0e-04
  17000      1.78e+01    2.77e+01      1.84e-01    1.35e-01      1.78e-01    2.77e-01    6.0e-04
  18000      1.41e+01    4.48e+01      9.58e-02    2.22e-02      1.41e-01    4.48e-01    6.0e-04
  19000      2.32e+01    2.17e+01      3.74e-02    5.12e-02      2.32e-01    2.17e-01    6.0e-04
  20000      2.06e+01    2.08e+01      3.20e-03    9.87e-03      2.06e-01    2.08e-01    5.0e-04
  21000      2.11e+01    1.11e+01      8.18e-03    1.16e-01      2.11e-01    1.11e-01    5.0e-04
  22000      4.01e+01    2.71e+01      7.25e-02    3.08e-02      4.01e-01    2.71e-01    5.0e-04
  23000      2.36e+01    1.63e+01      1.07e-02    8.67e-02      2.36e-01    1.63e-01    5.0e-04
  24000      1.98e+01    1.67e+01      1.25e-01    7.47e-02      1.98e-01    1.67e-01    5.0e-04
  25000      2.89e+01    2.25e+01      4.92e-03    1.81e-02      2.89e-01    2.25e-01    4.3e-04
  26000      3.18e+01    8.37e+00      5.84e-02    2.90e-02      3.18e-01    8.37e-02    4.3e-04
  27000      3.37e+01    1.13e+01      6.19e-02    1.68e-01      3.37e-01    1.13e-01    4.3e-04
  28000      2.09e+01    2.86e+01      4.89e-02    7.39e-02      2.09e-01    2.86e-01    4.3e-04
  29000      1.98e+01    1.05e+01      1.12e-02    5.62e-03      1.98e-01    1.05e-01    4.3e-04
  30000      2.59e+01    2.61e+01      5.06e-02    8.31e-02      2.59e-01    2.61e-01    3.6e-04
  31000      1.92e+01    2.33e+01      2.02e-02    5.65e-02      1.92e-01    2.33e-01    3.6e-04
  32000      3.70e+01    3.13e+01      3.25e-02    4.56e-03      3.70e-01    3.13e-01    3.6e-04
  33000      1.09e+01    2.01e+01      7.30e-02    3.98e-02      1.09e-01    2.01e-01    3.6e-04
  34000      2.85e+01    1.22e+01      2.03e-03    6.20e-02      2.85e-01    1.22e-01    3.6e-04
  35000      1.76e+01    1.67e+01      1.26e-01    7.28e-02      1.76e-01    1.67e-01    3.0e-04
  36000      1.47e+01    3.01e+01      8.85e-03    3.38e-03      1.47e-01    3.01e-01    3.0e-04
  37000      1.42e+01    1.66e+01      2.50e-02    1.76e-02      1.42e-01    1.66e-01    3.0e-04
  38000      1.80e+01    1.67e+01      1.48e-02    4.88e-03      1.80e-01    1.67e-01    3.0e-04
  39000      1.18e+01    1.98e+01      1.77e-02    1.59e-02      1.18e-01    1.98e-01    3.0e-04
  40000      7.35e+00    1.62e+01      1.52e-02    1.44e-01      7.35e-02    1.62e-01    2.5e-04
  41000      2.04e+01    1.73e+01      3.15e-02    3.05e-02      2.04e-01    1.73e-01    2.5e-04
  42000      1.87e+01    4.35e+00      1.89e-02    6.93e-03      1.87e-01    4.35e-02    2.5e-04
  43000      2.47e+01    1.85e+01      1.29e-02    2.27e-02      2.47e-01    1.85e-01    2.5e-04
  44000      2.36e+01    1.82e+01      6.40e-02    1.00e-02      2.36e-01    1.82e-01    2.5e-04
  45000      1.45e+01    2.00e+01      2.52e-02    2.32e-02      1.45e-01    2.00e-01    2.1e-04
  46000      1.48e+01    2.88e+01      2.20e-02    2.04e-02      1.48e-01    2.88e-01    2.1e-04
  47000      1.39e+01    8.43e+00      3.32e-02    1.10e-02      1.39e-01    8.43e-02    2.1e-04
  48000      1.65e+01    4.05e+01      1.26e-02    5.83e-02      1.65e-01    4.05e-01    2.1e-04
  49000      2.12e+01    2.35e+01      5.94e-02    4.51e-02      2.12e-01    2.35e-01    2.1e-04
  50000      2.00e+01    2.57e+01      1.95e-02    5.46e-02      2.00e-01    2.57e-01    1.8e-04
  51000      1.56e+01    2.18e+01      9.06e-03    2.02e-02      1.56e-01    2.18e-01    1.8e-04
  52000      1.04e+01    4.88e+01      1.20e-02    8.85e-04      1.04e-01    4.88e-01    1.8e-04
  53000      2.37e+01    1.83e+01      1.41e-02    1.58e-02      2.37e-01    1.83e-01    1.8e-04
  54000      2.28e+01    1.12e+01      7.20e-03    1.82e-02      2.28e-01    1.12e-01    1.8e-04
  55000      1.21e+01    3.77e+01      5.90e-02    1.30e-02      1.21e-01    3.77e-01    1.5e-04
  56000      1.94e+01    8.32e+00      1.68e-03    5.55e-02      1.94e-01    8.32e-02    1.5e-04
  57000      2.85e+01    1.32e+01      2.17e-02    3.48e-02      2.85e-01    1.32e-01    1.5e-04
  58000      2.48e+01    9.88e+00      2.16e-02    4.76e-02      2.48e-01    9.88e-02    1.5e-04
  59000      3.06e+01    5.60e+00      7.43e-03    2.73e-02      3.06e-01    5.60e-02    1.5e-04
  60000      8.80e+00    6.02e+00      8.80e-02    3.08e-02      8.80e-02    6.02e-02    1.3e-04
  61000      1.48e+01    4.56e+01      3.22e-02    4.93e-03      1.48e-01    4.56e-01    1.3e-04
  62000      6.65e+00    2.75e+01      1.25e-02    2.89e-02      6.65e-02    2.75e-01    1.3e-04
  63000      3.16e+01    1.31e+01      2.05e-02    1.10e-02      3.16e-01    1.31e-01    1.3e-04
  64000      3.82e+01    3.35e+01      7.27e-03    4.07e-02      3.82e-01    3.35e-01    1.3e-04
  65000      2.11e+01    9.33e+00      4.44e-02    1.47e-02      2.11e-01    9.33e-02    1.1e-04
  66000      2.39e+01    5.06e+01      7.90e-03    1.77e-02      2.39e-01    5.06e-01    1.1e-04
  67000      6.71e+00    1.25e+01      1.30e-03    5.47e-02      6.71e-02    1.25e-01    1.1e-04
  68000      2.39e+01    7.67e+00      1.96e-02    3.35e-02      2.39e-01    7.67e-02    1.1e-04
  69000      2.15e+01    9.74e+00      5.50e-02    3.23e-02      2.15e-01    9.74e-02    1.1e-04
  70000      6.21e+00    2.70e+01      7.90e-03    2.76e-02      6.21e-02    2.70e-01    9.1e-05
  71000      1.20e+01    2.61e+01      3.07e-02    3.08e-02      1.20e-01    2.61e-01    9.1e-05
  72000      1.41e+01    2.00e+01      3.43e-02    2.88e-02      1.41e-01    2.00e-01    9.1e-05
  73000      1.12e+01    2.07e+01      6.10e-02    4.84e-02      1.12e-01    2.07e-01    9.1e-05
  74000      1.42e+01    1.36e+01      4.49e-02    3.26e-02      1.42e-01    1.36e-01    9.1e-05
  75000      6.38e+00    3.76e+01      4.65e-02    1.74e-02      6.38e-02    3.76e-01    7.7e-05
  76000      1.58e+01    2.38e+01      4.58e-03    1.80e-02      1.58e-01    2.38e-01    7.7e-05
  77000      2.77e+01    2.33e+01      2.25e-02    1.50e-02      2.77e-01    2.33e-01    7.7e-05
  78000      1.99e+01    7.37e+00      1.26e-02    7.09e-02      1.99e-01    7.37e-02    7.7e-05
  79000      1.40e+01    2.66e+01      3.17e-02    8.14e-02      1.40e-01    2.66e-01    7.7e-05
  80000      5.62e+00    8.18e+00      1.67e-02    4.26e-02      5.62e-02    8.18e-02    6.5e-05
  81000      1.20e+01    1.40e+01      2.39e-02    8.28e-03      1.20e-01    1.40e-01    6.5e-05
  82000      1.72e+01    8.94e+00      1.65e-02    3.74e-02      1.72e-01    8.94e-02    6.5e-05
  83000      2.16e+01    1.97e+01      3.04e-03    2.20e-02      2.16e-01    1.97e-01    6.5e-05
  84000      1.93e+01    3.21e+01      2.41e-02    6.65e-02      1.93e-01    3.21e-01    6.5e-05
  85000      1.52e+01    4.62e+01      1.98e-02    2.55e-03      1.52e-01    4.62e-01    5.5e-05
  86000      1.14e+01    1.35e+01      1.30e-02    1.77e-03      1.14e-01    1.35e-01    5.5e-05
  87000      1.29e+01    2.91e+01      2.44e-02    8.62e-03      1.29e-01    2.91e-01    5.5e-05
  88000      8.52e+00    2.04e+01      4.08e-02    1.41e-02      8.52e-02    2.04e-01    5.5e-05
  89000      1.73e+01    4.40e+01      3.48e-02    1.08e-02      1.73e-01    4.40e-01    5.5e-05
  90000      1.93e+01    2.72e+01      3.08e-02    1.66e-03      1.93e-01    2.72e-01    4.6e-05
  91000      1.53e+01    7.34e+00      3.23e-03    2.43e-02      1.53e-01    7.34e-02    4.6e-05
  92000      4.63e+01    9.76e+00      3.29e-02    2.48e-02      4.63e-01    9.76e-02    4.6e-05
  93000      1.89e+01    7.31e+00      2.93e-03    3.76e-02      1.89e-01    7.31e-02    4.6e-05
  94000      1.50e+01    6.91e+00      1.02e-02    6.09e-02      1.50e-01    6.91e-02    4.6e-05
  95000      2.38e+01    1.38e+01      2.84e-02    3.31e-02      2.38e-01    1.38e-01    3.9e-05
  96000      2.93e+01    1.24e+01      1.45e-03    5.35e-03      2.93e-01    1.24e-01    3.9e-05
  97000      4.20e+00    2.42e+01      3.23e-02    2.28e-02      4.20e-02    2.42e-01    3.9e-05
  98000      1.88e+01    1.01e+01      4.70e-03    3.99e-02      1.88e-01    1.01e-01    3.9e-05
  99000      1.87e+01    1.86e+01      1.68e-02    3.97e-03      1.87e-01    1.86e-01    3.9e-05
 100000      1.11e+01    2.77e+01      3.93e-02    1.29e-02      1.11e-01    2.77e-01    3.3e-05
 101000      1.59e+01    1.82e+01      1.02e-02    4.02e-04      1.59e-01    1.82e-01    3.3e-05
 102000      1.87e+01    1.41e+01      1.37e-02    6.55e-03      1.87e-01    1.41e-01    3.3e-05
 103000      3.26e+01    1.56e+01      5.19e-03    2.77e-02      3.26e-01    1.56e-01    3.3e-05
 104000      1.78e+01    8.80e+00      2.87e-02    2.30e-02      1.78e-01    8.80e-02    3.3e-05
 105000      9.36e+00    2.40e+01      6.86e-03    4.70e-02      9.36e-02    2.40e-01    2.8e-05
 106000      1.81e+01    3.15e+01      1.89e-02    3.26e-02      1.81e-01    3.15e-01    2.8e-05
 107000      2.04e+01    1.40e+01      1.63e-02    2.80e-04      2.04e-01    1.40e-01    2.8e-05
 108000      2.58e+01    1.30e+01      1.95e-02    3.36e-02      2.58e-01    1.30e-01    2.8e-05
 109000      1.44e+01    3.12e+01      7.25e-03    1.18e-02      1.44e-01    3.12e-01    2.8e-05
 110000      1.23e+01    2.31e+01      8.13e-03    2.12e-02      1.23e-01    2.31e-01    2.3e-05
 111000      5.07e+00    1.96e+01      4.79e-02    1.05e-02      5.07e-02    1.96e-01    2.3e-05
 112000      9.59e+00    4.01e+01      7.15e-03    3.58e-02      9.59e-02    4.01e-01    2.3e-05
 113000      3.55e+01    9.14e+00      1.31e-02    4.20e-03      3.55e-01    9.14e-02    2.3e-05
 114000      1.53e+01    2.20e+01      2.92e-02    2.25e-02      1.53e-01    2.20e-01    2.3e-05
 115000      1.28e+01    2.46e+01      2.37e-03    7.44e-03      1.28e-01    2.46e-01    2.0e-05
 116000      9.04e+00    2.19e+01      1.64e-02    2.71e-02      9.04e-02    2.19e-01    2.0e-05
 117000      2.25e+01    1.95e+01      2.01e-01    3.14e-02      2.25e-01    1.95e-01    2.0e-05
 118000      1.89e+01    1.41e+01      1.96e-02    3.97e-02      1.89e-01    1.41e-01    2.0e-05
 119000      9.43e+00    3.70e+01      3.29e-02    1.61e-02      9.43e-02    3.70e-01    2.0e-05
 120000      2.48e+01    2.70e+01      1.40e-03    1.28e-02      2.48e-01    2.70e-01    1.7e-05
 121000      3.18e+01    9.10e+00      2.64e-02    4.38e-04      3.18e-01    9.10e-02    1.7e-05
 122000      1.54e+01    1.72e+01      3.57e-02    1.97e-03      1.54e-01    1.72e-01    1.7e-05
 123000      3.68e+01    3.04e+01      3.31e-03    7.46e-02      3.68e-01    3.04e-01    1.7e-05
 124000      2.56e+01    3.47e+01      1.52e-02    4.09e-03      2.56e-01    3.47e-01    1.7e-05
 125000      5.58e+00    1.63e+01      3.34e-02    8.04e-03      5.58e-02    1.63e-01    1.4e-05
 126000      9.91e+00    1.90e+01      4.10e-02    1.50e-03      9.91e-02    1.90e-01    1.4e-05
 127000      6.53e+00    1.20e+01      2.84e-02    1.96e-02      6.53e-02    1.20e-01    1.4e-05
 128000      1.88e+01    8.58e+00      3.65e-02    1.11e-02      1.88e-01    8.58e-02    1.4e-05
 129000      2.51e+01    1.22e+01      1.49e-02    1.11e-02      2.51e-01    1.22e-01    1.4e-05
 130000      3.05e+01    2.29e+01      3.40e-02    1.40e-03      3.05e-01    2.29e-01    1.2e-05
 131000      2.28e+01    1.87e+01      1.55e-02    3.66e-03      2.28e-01    1.87e-01    1.2e-05
 132000      2.63e+01    2.37e+01      2.47e-02    6.54e-03      2.63e-01    2.37e-01    1.2e-05
 133000      8.71e+00    1.59e+01      2.41e-02    2.19e-02      8.71e-02    1.59e-01    1.2e-05
 134000      1.84e+01    7.08e+00      9.60e-04    3.97e-03      1.84e-01    7.08e-02    1.2e-05
 135000      2.15e+01    1.21e+01      1.10e-01    7.04e-04      2.15e-01    1.21e-01    9.9e-06
 136000      1.56e+01    2.22e+01      1.15e-02    2.01e-03      1.56e-01    2.22e-01    9.9e-06
 137000      1.30e+01    1.17e+01      1.05e-02    1.74e-02      1.30e-01    1.17e-01    9.9e-06
 138000      1.43e+01    1.87e+01      1.35e-02    5.18e-04      1.43e-01    1.87e-01    9.9e-06
 139000      1.75e+01    7.42e+00      2.56e-02    3.08e-02      1.75e-01    7.42e-02    9.9e-06
 140000      9.81e+00    3.22e+01      1.39e-02    2.04e-02      9.81e-02    3.22e-01    8.3e-06
 141000      9.62e+00    1.34e+01      2.63e-02    3.78e-03      9.62e-02    1.34e-01    8.3e-06
 142000      6.96e+00    7.26e+00      3.59e-02    2.20e-02      6.96e-02    7.26e-02    8.3e-06
 143000      1.41e+01    2.46e+01      8.89e-03    2.53e-02      1.41e-01    2.46e-01    8.3e-06
 144000      2.16e+01    1.27e+01      1.95e-02    1.19e-02      2.16e-01    1.27e-01    8.3e-06
 145000      1.30e+01    2.21e+01      9.27e-03    3.59e-02      1.30e-01    2.21e-01    7.0e-06
 146000      2.21e+01    1.69e+01      2.24e-02    7.45e-03      2.21e-01    1.69e-01    7.0e-06
 147000      2.59e+01    8.10e+00      2.34e-02    3.12e-02      2.59e-01    8.10e-02    7.0e-06
 148000      1.74e+01    1.50e+01      6.78e-03    1.54e-02      1.74e-01    1.50e-01    7.0e-06
 149000      2.10e+01    1.63e+01      3.44e-02    1.62e-02      2.10e-01    1.63e-01    7.0e-06
 150000      1.26e+01    1.50e+01      1.73e-02    1.62e-02      1.26e-01    1.50e-01    5.9e-06
 151000      1.55e+01    9.92e+00      3.72e-03    1.57e-02      1.55e-01    9.92e-02    5.9e-06
 152000      2.43e+01    1.55e+01      3.79e-02    5.86e-03      2.43e-01    1.55e-01    5.9e-06
 153000      1.44e+01    1.05e+01      1.23e-02    5.02e-03      1.44e-01    1.05e-01    5.9e-06
 154000      1.19e+01    1.07e+01      9.14e-03    2.85e-02      1.19e-01    1.07e-01    5.9e-06
 155000      1.19e+01    1.18e+01      3.00e-03    1.35e-02      1.19e-01    1.18e-01    5.0e-06
 156000      3.43e+01    7.71e+00      4.35e-03    8.52e-04      3.43e-01    7.71e-02    5.0e-06
 157000      1.33e+01    9.69e+00      2.55e-02    1.39e-02      1.33e-01    9.69e-02    5.0e-06
 158000      1.37e+01    1.73e+01      1.93e-02    3.73e-03      1.37e-01    1.73e-01    5.0e-06
 159000      2.78e+01    1.71e+01      1.65e-02    2.15e-02      2.78e-01    1.71e-01    5.0e-06
 160000      2.11e+01    1.04e+01      2.79e-02    2.22e-02      2.11e-01    1.04e-01    4.2e-06
 161000      1.38e+01    1.66e+01      1.34e-02    3.45e-02      1.38e-01    1.66e-01    4.2e-06
 162000      1.37e+01    3.27e+01      1.84e-02    2.49e-02      1.37e-01    3.27e-01    4.2e-06
 163000      1.91e+01    5.82e+00      2.70e-02    4.94e-03      1.91e-01    5.82e-02    4.2e-06
 164000      2.47e+01    2.02e+01      4.24e-03    2.32e-02      2.47e-01    2.02e-01    4.2e-06
 165000      1.68e+01    1.32e+01      2.14e-03    2.82e-03      1.68e-01    1.32e-01    3.5e-06
 166000      2.52e+01    2.24e+01      4.62e-02    4.83e-04      2.52e-01    2.24e-01    3.5e-06
 167000      8.15e+00    1.15e+01      2.89e-02    1.12e-02      8.15e-02    1.15e-01    3.5e-06
 168000      9.46e+00    7.03e+00      3.17e-02    2.93e-02      9.46e-02    7.03e-02    3.5e-06
 169000      2.00e+01    3.99e+00      2.03e-02    9.06e-03      2.00e-01    3.99e-02    3.5e-06
 170000      6.37e+00    2.75e+01      3.09e-02    1.45e-02      6.37e-02    2.75e-01    3.0e-06
 171000      9.44e+00    1.62e+01      1.29e-02    1.46e-02      9.44e-02    1.62e-01    3.0e-06
 172000      8.48e+00    1.99e+01      2.96e-02    7.88e-03      8.48e-02    1.99e-01    3.0e-06
 173000      1.58e+01    1.39e+01      1.06e-02    6.77e-03      1.58e-01    1.39e-01    3.0e-06
 174000      1.82e+01    1.22e+01      2.37e-02    2.46e-02      1.82e-01    1.22e-01    3.0e-06
 175000      1.78e+01    9.04e+00      1.46e-02    2.76e-02      1.78e-01    9.04e-02    2.5e-06
 176000      3.64e+01    1.02e+01      4.18e-02    8.84e-03      3.64e-01    1.02e-01    2.5e-06
 177000      5.77e+00    3.18e+01      1.24e-02    1.02e-02      5.77e-02    3.18e-01    2.5e-06
 178000      1.73e+01    1.32e+01      7.10e-03    2.45e-02      1.73e-01    1.32e-01    2.5e-06
 179000      1.95e+01    1.69e+01      2.60e-02    1.29e-02      1.95e-01    1.69e-01    2.5e-06
 180000      6.05e+00    1.69e+01      2.09e-02    3.48e-02      6.05e-02    1.69e-01    2.1e-06
 181000      1.73e+01    8.19e+00      1.18e-02    1.77e-02      1.73e-01    8.19e-02    2.1e-06
 182000      1.14e+01    1.73e+01      1.64e-02    1.04e-02      1.14e-01    1.73e-01    2.1e-06
 183000      2.01e+01    1.51e+01      1.78e-02    3.22e-02      2.01e-01    1.51e-01    2.1e-06
 184000      2.90e+01    1.65e+01      2.16e-02    8.17e-03      2.90e-01    1.65e-01    2.1e-06
 185000      1.04e+01    1.64e+01      2.31e-02    1.79e-02      1.04e-01    1.64e-01    1.8e-06
 186000      1.63e+01    2.10e+01      1.87e-02    1.93e-02      1.63e-01    2.10e-01    1.8e-06
 187000      1.93e+01    3.21e+01      2.07e-02    2.83e-02      1.93e-01    3.21e-01    1.8e-06
 188000      1.62e+01    2.31e+01      2.78e-02    3.09e-02      1.62e-01    2.31e-01    1.8e-06
 189000      1.07e+01    3.31e+01      1.46e-02    1.08e-02      1.07e-01    3.31e-01    1.8e-06
 190000      9.98e+00    1.32e+01      2.59e-02    8.02e-03      9.98e-02    1.32e-01    1.5e-06
 191000      1.45e+01    2.01e+01      1.78e-02    1.81e-02      1.45e-01    2.01e-01    1.5e-06
 192000      3.38e+01    2.38e+01      3.31e-02    2.76e-02      3.38e-01    2.38e-01    1.5e-06
 193000      1.24e+01    8.86e+00      5.35e-03    2.02e-02      1.24e-01    8.86e-02    1.5e-06
 194000      2.85e+01    2.41e+01      2.12e-02    1.77e-02      2.85e-01    2.41e-01    1.5e-06
 195000      1.01e+01    1.09e+01      2.08e-02    2.54e-02      1.01e-01    1.09e-01    1.3e-06
 196000      1.69e+01    1.80e+01      2.56e-02    2.07e-02      1.69e-01    1.80e-01    1.3e-06
 197000      2.46e+01    2.05e+01      5.57e-03    4.48e-02      2.46e-01    2.05e-01    1.3e-06
 198000      2.98e+01    2.52e+01      2.17e-02    2.08e-02      2.98e-01    2.52e-01    1.3e-06
 199000      3.22e+01    1.63e+01      2.22e-05    2.62e-02      3.22e-01    1.63e-01    1.3e-06
 200000      2.53e+01    2.60e+01      2.35e-02    4.98e-03      2.53e-01    2.60e-01    1.1e-06
 201000      2.58e+01    1.01e+01      7.69e-03    1.14e-02      2.58e-01    1.01e-01    1.1e-06
 202000      2.63e+01    1.96e+01      5.26e-02    1.89e-02      2.63e-01    1.96e-01    1.1e-06
 203000      2.48e+01    2.10e+01      2.38e-02    1.40e-02      2.48e-01    2.10e-01    1.1e-06
 204000      8.62e+00    7.56e+00      6.99e-03    2.78e-02      8.62e-02    7.56e-02    1.1e-06
 205000      8.07e+00    3.14e+00      1.12e-02    1.87e-02      8.07e-02    3.14e-02    9.0e-07
 206000      9.35e+00    1.30e+01      1.50e-02    1.73e-02      9.35e-02    1.30e-01    9.0e-07
 207000      2.68e+01    6.01e+00      9.64e-03    1.85e-02      2.68e-01    6.01e-02    9.0e-07
 208000      2.19e+01    1.44e+01      1.39e-02    1.39e-02      2.19e-01    1.44e-01    9.0e-07
 209000      3.88e+00    2.73e+01      1.46e-02    4.29e-02      3.88e-02    2.73e-01    9.0e-07
 210000      3.21e+01    4.94e+01      3.15e-03    5.48e-03      3.21e-01    4.94e-01    7.6e-07
 211000      1.54e+01    1.43e+01      2.42e-02    1.10e-02      1.54e-01    1.43e-01    7.6e-07
 212000      2.63e+01    1.81e+01      1.11e-03    2.98e-02      2.63e-01    1.81e-01    7.6e-07
 213000      1.42e+01    1.85e+01      1.42e-02    1.41e-02      1.42e-01    1.85e-01    7.6e-07
 214000      4.60e+00    3.93e+01      2.25e-02    1.10e-02      4.60e-02    3.93e-01    7.6e-07
 215000      1.90e+01    1.69e+01      4.34e-03    2.49e-02      1.90e-01    1.69e-01    6.4e-07
 216000      1.76e+01    1.39e+01      3.15e-03    8.36e-03      1.76e-01    1.39e-01    6.4e-07
 217000      1.18e+01    1.63e+01      1.31e-02    9.56e-03      1.18e-01    1.63e-01    6.4e-07
 218000      1.01e+01    2.04e+01      8.01e-03    8.43e-03      1.01e-01    2.04e-01    6.4e-07
 219000      2.03e+01    2.30e+01      1.67e-03    1.42e-02      2.03e-01    2.30e-01    6.4e-07
 220000      1.09e+01    7.27e+00      2.78e-02    3.17e-02      1.09e-01    7.27e-02    5.4e-07
 221000      2.02e+01    1.05e+01      2.31e-02    1.01e-02      2.02e-01    1.05e-01    5.4e-07
 222000      2.27e+01    1.65e+01      2.56e-02    1.79e-02      2.27e-01    1.65e-01    5.4e-07
 223000      1.83e+01    1.12e+01      1.23e-02    1.82e-02      1.83e-01    1.12e-01    5.4e-07
 224000      3.68e+01    3.32e+01      1.36e-02    4.98e-02      3.68e-01    3.32e-01    5.4e-07
 225000      1.15e+01    2.52e+01      2.68e-02    8.19e-03      1.15e-01    2.52e-01    4.6e-07
 226000      1.94e+01    5.00e+01      3.23e-02    9.01e-01      1.94e-01    5.00e-01    4.6e-07
 227000      1.69e+01    2.03e+01      3.59e-02    2.67e-02      1.69e-01    2.03e-01    4.6e-07
 228000      2.52e+01    9.57e+00      7.06e-03    2.15e-02      2.52e-01    9.57e-02    4.6e-07
 229000      2.58e+01    2.22e+01      1.54e-03    1.35e-02      2.58e-01    2.22e-01    4.6e-07
 230000      1.02e+01    3.55e+01      2.76e-02    2.25e-02      1.02e-01    3.55e-01    3.8e-07
 231000      1.98e+01    1.39e+01      2.51e-02    1.21e-02      1.98e-01    1.39e-01    3.8e-07
 232000      9.25e+00    3.34e+01      9.50e-03    9.28e-02      9.25e-02    3.34e-01    3.8e-07
 233000      2.50e+01    6.09e+00      9.43e-04    1.47e-02      2.50e-01    6.09e-02    3.8e-07
 234000      1.91e+01    2.91e+01      1.01e-02    1.03e-03      1.91e-01    2.91e-01    3.8e-07
 235000      2.92e+01    3.36e+01      2.69e-03    1.67e-02      2.92e-01    3.36e-01    3.2e-07
 236000      2.10e+01    2.22e+01      1.59e-02    2.53e-02      2.10e-01    2.22e-01    3.2e-07
 237000      3.09e+01    1.16e+01      9.32e-03    5.12e-03      3.09e-01    1.16e-01    3.2e-07
 238000      9.34e+00    1.53e+01      1.30e-02    2.99e-02      9.34e-02    1.53e-01    3.2e-07
 239000      1.00e+01    2.51e+01      1.28e-02    2.62e-02      1.00e-01    2.51e-01    3.2e-07
 240000      1.86e+01    2.66e+01      2.06e-02    2.96e-02      1.86e-01    2.66e-01    2.7e-07
 241000      3.16e+01    2.35e+01      5.69e-02    1.20e-03      3.16e-01    2.35e-01    2.7e-07
 242000      1.58e+01    4.37e+01      2.68e-02    2.69e-02      1.58e-01    4.37e-01    2.7e-07
 243000      1.30e+01    1.57e+01      2.95e-02    1.22e-02      1.30e-01    1.57e-01    2.7e-07
 244000      2.10e+01    1.52e+01      7.69e-03    5.50e-03      2.10e-01    1.52e-01    2.7e-07
 245000      1.25e+01    1.53e+01      1.43e-02    2.57e-02      1.25e-01    1.53e-01    2.3e-07
 246000      3.16e+01    1.76e+01      2.55e-02    9.16e-03      3.16e-01    1.76e-01    2.3e-07
 247000      5.68e+00    1.58e+01      1.80e-02    1.80e-02      5.68e-02    1.58e-01    2.3e-07
 248000      1.17e+01    2.48e+01      1.96e-02    1.96e-02      1.17e-01    2.48e-01    2.3e-07
 249000      2.50e+01    1.83e+01      6.93e-03    2.38e-02      2.50e-01    1.83e-01    2.3e-07
 250000      1.95e+01    9.45e+00      2.60e-02    1.77e-02      1.95e-01    9.45e-02    1.9e-07
 251000      2.82e+01    1.60e+01      8.40e-03    3.58e-02      2.82e-01    1.60e-01    1.9e-07
 252000      2.38e+01    9.07e+00      2.45e-04    1.04e-02      2.38e-01    9.07e-02    1.9e-07
 253000      1.66e+01    6.63e+00      1.07e-02    2.87e-02      1.66e-01    6.63e-02    1.9e-07
 254000      2.31e+01    6.19e+00      1.34e-02    1.44e-02      2.31e-01    6.19e-02    1.9e-07
 255000      1.80e+01    1.49e+01      2.66e-02    1.64e-02      1.80e-01    1.49e-01    1.6e-07
 256000      1.39e+01    2.96e+01      1.69e-02    1.87e-02      1.39e-01    2.96e-01    1.6e-07
 257000      6.62e+00    1.80e+01      1.76e-02    2.66e-02      6.62e-02    1.80e-01    1.6e-07
 258000      5.94e+00    1.69e+01      1.64e-02    1.52e-02      5.94e-02    1.69e-01    1.6e-07
 259000      2.26e+01    1.68e+01      2.67e-03    1.24e-02      2.26e-01    1.68e-01    1.6e-07
 260000      1.20e+01    3.17e+01      3.08e-02    3.74e-02      1.20e-01    3.17e-01    1.4e-07
 261000      9.69e+00    5.88e+00      1.64e-02    2.36e-02      9.69e-02    5.88e-02    1.4e-07
 262000      3.01e+01    2.45e+01      5.49e-02    1.31e-02      3.01e-01    2.45e-01    1.4e-07
 263000      2.60e+01    1.63e+01      1.06e-02    3.68e-03      2.60e-01    1.63e-01    1.4e-07
 264000      1.68e+01    1.30e+01      1.15e-02    2.55e-02      1.68e-01    1.30e-01    1.4e-07
 265000      1.01e+01    1.72e+01      1.47e-02    3.20e-03      1.01e-01    1.72e-01    1.2e-07
 266000      8.60e+00    2.30e+01      1.54e-02    1.50e-02      8.60e-02    2.30e-01    1.2e-07
 267000      2.29e+01    2.83e+01      1.73e-02    2.02e-02      2.29e-01    2.83e-01    1.2e-07
 268000      2.72e+01    2.04e+01      4.24e-02    2.83e-02      2.72e-01    2.04e-01    1.2e-07
 269000      1.55e+01    1.17e+01      1.27e-02    1.89e-02      1.55e-01    1.17e-01    1.2e-07
 270000      2.57e+01    1.34e+01      4.34e-03    2.47e-02      2.57e-01    1.34e-01    9.8e-08
 271000      1.09e+01    9.40e+00      2.61e-02    1.41e-02      1.09e-01    9.40e-02    9.8e-08
 272000      1.04e+01    2.06e+01      1.11e-02    1.98e-02      1.04e-01    2.06e-01    9.8e-08
 273000      1.36e+01    1.17e+01      1.52e-02    1.25e-02      1.36e-01    1.17e-01    9.8e-08
 274000      2.91e+01    1.40e+01      8.81e-03    8.57e-03      2.91e-01    1.40e-01    9.8e-08
 275000      2.96e+01    2.50e+01      8.74e-03    2.43e-02      2.96e-01    2.50e-01    8.3e-08
 276000      2.13e+01    1.54e+01      3.16e-03    5.17e-03      2.13e-01    1.54e-01    8.3e-08
 277000      1.43e+01    1.42e+01      2.31e-02    3.91e-03      1.43e-01    1.42e-01    8.3e-08
 278000      2.55e+01    2.45e+01      2.41e-02    1.53e-02      2.55e-01    2.45e-01    8.3e-08
 279000      6.16e+00    2.57e+01      2.67e-02    1.20e-02      6.16e-02    2.57e-01    8.3e-08
 280000      2.09e+01    7.68e+00      1.60e-02    2.86e-02      2.09e-01    7.68e-02    7.0e-08
 281000      2.55e+01    1.89e+01      7.19e-02    1.19e-02      2.55e-01    1.89e-01    7.0e-08
 282000      2.29e+01    2.03e+01      1.44e-02    8.74e-03      2.29e-01    2.03e-01    7.0e-08
 283000      1.40e+01    1.61e+01      1.32e-02    9.04e-03      1.40e-01    1.61e-01    7.0e-08
 284000      2.52e+01    1.69e+01      1.62e-02    1.74e-02      2.52e-01    1.69e-01    7.0e-08
 285000      4.89e+00    2.06e+01      2.22e-02    3.12e-03      4.89e-02    2.06e-01    5.9e-08
 286000      6.33e+00    8.71e+00      2.75e-02    4.34e-03      6.33e-02    8.71e-02    5.9e-08
 287000      1.86e+01    2.61e+01      1.74e-02    1.22e-02      1.86e-01    2.61e-01    5.9e-08
 288000      7.47e+00    2.02e+01      2.69e-02    1.70e-02      7.47e-02    2.02e-01    5.9e-08
 289000      6.89e+00    3.12e+01      3.08e-02    1.86e-02      6.89e-02    3.12e-01    5.9e-08
 290000      2.28e+01    3.01e+01      4.19e-02    1.02e-01      2.28e-01    3.01e-01    4.9e-08
 291000      2.23e+01    6.16e+00      2.34e-02    1.87e-02      2.23e-01    6.16e-02    4.9e-08
 292000      1.35e+01    4.13e+01      2.31e-02    7.67e-03      1.35e-01    4.13e-01    4.9e-08
 293000      9.83e+00    2.79e+01      1.75e-02    2.34e-02      9.83e-02    2.79e-01    4.9e-08
 294000      2.04e+01    1.06e+01      9.64e-03    2.54e-02      2.04e-01    1.06e-01    4.9e-08
 295000      3.98e+01    2.18e+01      1.75e-03    9.56e-03      3.98e-01    2.18e-01    4.2e-08
 296000      2.51e+01    3.91e+01      1.28e-03    8.72e-03      2.51e-01    3.91e-01    4.2e-08
 297000      1.21e+01    1.23e+01      9.80e-03    2.25e-02      1.21e-01    1.23e-01    4.2e-08
 298000      3.06e+01    4.83e+00      1.26e-02    3.00e-02      3.06e-01    4.83e-02    4.2e-08
 299000      1.14e+01    1.02e+01      1.53e-02    1.06e-02      1.14e-01    1.02e-01    4.2e-08
 300000      7.45e+00    1.53e+01      1.26e-02    2.66e-02      7.45e-02    1.53e-01    3.5e-08
