#  step      rmse_val    rmse_trn    rmse_e_val  rmse_e_trn    rmse_f_val  rmse_f_trn         lr
      0      1.33e+02    1.12e+02      1.16e+00    1.25e+00      1.33e+00    1.12e+00    1.0e-03
   1000      2.66e+01    3.36e+01      1.57e+00    1.26e+00      2.65e-01    3.36e-01    1.0e-03
   2000      3.27e+01    2.17e+01      1.06e+00    1.07e+00      3.27e-01    2.17e-01    1.0e-03
   3000      2.89e+01    3.22e+01      2.71e-01    4.40e-01      2.89e-01    3.22e-01    1.0e-03
   4000      2.42e+01    1.98e+01      7.54e-01    7.01e-02      2.42e-01    1.98e-01    1.0e-03
   5000      1.30e+01    1.36e+01      1.17e-01    1.69e-01      1.30e-01    1.36e-01    8.4e-04
   6000      2.33e+01    2.78e+01      2.55e-01    2.01e-02      2.33e-01    2.78e-01    8.4e-04
   7000      1.12e+02    4.40e+01      4.04e+00    3.22e+00      1.12e+00    4.39e-01    8.4e-04
   8000      1.76e+01    1.94e+01      1.80e-02    1.11e-02      1.76e-01    1.94e-01    8.4e-04
   9000      1.23e+01    1.88e+01      9.93e-03    1.06e-01      1.23e-01    1.88e-01    8.4e-04
  10000      5.14e+01    1.94e+01      1.01e-01    3.43e-02      5.14e-01    1.94e-01    7.1e-04
  11000      2.62e+01    2.10e+01      2.66e-01    3.21e-01      2.62e-01    2.10e-01    7.1e-04
  12000      1.13e+01    6.88e+01      1.46e-01    5.52e-01      1.13e-01    6.87e-01    7.1e-04
  13000      1.61e+01    4.09e+01      7.12e-01    9.37e-01      1.61e-01    4.08e-01    7.1e-04
  14000      3.02e+01    2.14e+01      1.37e+00    1.85e+00      3.02e-01    2.14e-01    7.1e-04
  15000      2.18e+01    9.41e+00      8.38e-01    5.84e-01      2.18e-01    9.39e-02    6.0e-04
  16000      1.98e+01    5.35e+01      3.91e-01    3.01e-01      1.98e-01    5.35e-01    6.0e-04
  17000      3.28e+01    1.32e+01      2.63e-01    4.44e-01      3.28e-01    1.32e-01    6.0e-04
  18000      2.29e+01    4.75e+01      7.46e-02    6.99e-02      2.29e-01    4.75e-01    6.0e-04
  19000      9.02e+00    1.42e+01      7.52e-02    1.11e-02      9.02e-02    1.42e-01    6.0e-04
  20000      2.41e+01    2.22e+01      1.40e-01    1.61e-01      2.41e-01    2.22e-01    5.0e-04
  21000      2.18e+01    1.23e+01      8.63e-02    1.05e-01      2.18e-01    1.23e-01    5.0e-04
  22000      2.45e+01    1.12e+01      3.02e-02    7.79e-03      2.45e-01    1.12e-01    5.0e-04
  23000      2.48e+01    2.55e+01      2.71e-02    4.10e-02      2.48e-01    2.55e-01    5.0e-04
  24000      2.19e+01    2.91e+01      2.65e-02    3.23e-02      2.19e-01    2.91e-01    5.0e-04
  25000      1.83e+01    1.99e+01      2.52e-01    2.08e-01      1.83e-01    1.99e-01    4.3e-04
  26000      1.97e+01    2.08e+01      1.46e+00    1.17e+00      1.97e-01    2.07e-01    4.3e-04
  27000      1.45e+01    2.31e+01      2.07e-01    1.03e-01      1.45e-01    2.31e-01    4.3e-04
  28000      1.55e+01    3.31e+01      2.24e-01    1.75e-01      1.55e-01    3.31e-01    4.3e-04
  29000      1.23e+01    1.58e+01      3.89e-01    1.93e-01      1.23e-01    1.58e-01    4.3e-04
  30000      1.94e+01    9.58e+00      3.48e-02    2.35e-02      1.94e-01    9.58e-02    3.6e-04
  31000      9.92e+00    2.50e+01      2.12e-01    1.29e-01      9.92e-02    2.50e-01    3.6e-04
  32000      6.45e+00    1.27e+01      1.13e-01    6.24e-02      6.45e-02    1.27e-01    3.6e-04
  33000      1.78e+01    2.22e+01      6.12e-02    9.42e-02      1.78e-01    2.22e-01    3.6e-04
  34000      2.89e+01    2.63e+01      4.91e-02    2.09e-02      2.89e-01    2.63e-01    3.6e-04
  35000      1.38e+01    1.10e+01      4.57e-02    2.70e-01      1.38e-01    1.10e-01    3.0e-04
  36000      1.12e+01    2.40e+01      3.29e-01    3.72e-01      1.12e-01    2.40e-01    3.0e-04
  37000      1.28e+01    1.43e+01      1.33e-02    5.30e-02      1.28e-01    1.43e-01    3.0e-04
  38000      2.38e+01    1.43e+01      2.77e-02    4.48e-02      2.38e-01    1.43e-01    3.0e-04
  39000      2.26e+01    2.33e+01      9.87e-02    4.83e-02      2.26e-01    2.33e-01    3.0e-04
  40000      2.25e+01    4.85e+01      3.90e-02    2.68e-02      2.25e-01    4.85e-01    2.5e-04
  41000      2.09e+01    2.19e+01      2.17e-02    3.43e-02      2.09e-01    2.19e-01    2.5e-04
  42000      3.47e+01    2.81e+01      7.60e-02    2.11e-01      3.47e-01    2.81e-01    2.5e-04
  43000      1.49e+01    2.30e+01      1.18e-02    4.23e-02      1.49e-01    2.30e-01    2.5e-04
  44000      1.50e+01    7.76e+00      1.42e-01    2.66e-02      1.50e-01    7.76e-02    2.5e-04
  45000      2.72e+01    2.46e+01      5.45e-03    9.50e-02      2.72e-01    2.46e-01    2.1e-04
  46000      2.25e+01    2.15e+01      2.88e-02    3.01e-02      2.25e-01    2.15e-01    2.1e-04
  47000      1.02e+01    1.56e+01      3.69e-03    3.48e-01      1.02e-01    1.56e-01    2.1e-04
  48000      3.59e+01    2.98e+01      1.65e-02    2.10e-01      3.59e-01    2.98e-01    2.1e-04
  49000      1.05e+01    1.76e+01      2.90e-01    2.55e-01      1.05e-01    1.75e-01    2.1e-04
  50000      4.80e+01    3.33e+01      4.25e-02    1.86e-02      4.80e-01    3.33e-01    1.8e-04
  51000      2.15e+01    1.89e+01      1.00e-01    1.36e-01      2.15e-01    1.89e-01    1.8e-04
  52000      1.53e+01    3.25e+01      2.08e-02    1.60e-02      1.53e-01    3.25e-01    1.8e-04
  53000      2.06e+01    2.85e+01      1.85e-02    1.63e-03      2.06e-01    2.85e-01    1.8e-04
  54000      2.01e+01    8.94e+00      1.63e-02    9.84e-02      2.01e-01    8.94e-02    1.8e-04
  55000      3.08e+01    7.44e+00      6.90e-02    4.23e-03      3.08e-01    7.44e-02    1.5e-04
  56000      6.54e+00    1.65e+00      3.10e-02    3.67e-02      6.54e-02    1.65e-02    1.5e-04
  57000      2.22e+01    1.51e+01      2.86e-02    3.20e-02      2.22e-01    1.51e-01    1.5e-04
  58000      2.74e+01    2.35e+01      2.74e-03    2.70e-02      2.74e-01    2.35e-01    1.5e-04
  59000      5.72e+00    2.26e+01      1.02e-02    1.09e-01      5.72e-02    2.26e-01    1.5e-04
  60000      1.27e+01    1.05e+01      7.94e-02    2.98e-02      1.27e-01    1.05e-01    1.3e-04
  61000      2.27e+01    2.02e+01      2.47e-02    3.89e-02      2.27e-01    2.02e-01    1.3e-04
  62000      1.88e+01    5.47e+01      5.19e-02    3.59e-01      1.88e-01    5.47e-01    1.3e-04
  63000      5.17e+01    1.22e+01      1.67e-01    7.55e-03      5.17e-01    1.22e-01    1.3e-04
  64000      1.48e+01    2.11e+01      1.36e-01    6.21e-04      1.48e-01    2.11e-01    1.3e-04
  65000      2.38e+01    7.13e+00      4.92e-02    4.80e-02      2.38e-01    7.13e-02    1.1e-04
  66000      4.81e+01    6.24e+00      1.49e-02    1.60e-02      4.81e-01    6.24e-02    1.1e-04
  67000      3.46e+01    7.60e+00      2.98e-02    1.37e-01      3.46e-01    7.60e-02    1.1e-04
  68000      1.56e+01    1.34e+01      6.23e-03    4.55e-02      1.56e-01    1.34e-01    1.1e-04
  69000      1.05e+01    4.52e+01      9.48e-03    9.93e-04      1.05e-01    4.52e-01    1.1e-04
  70000      7.16e+00    1.73e+01      6.74e-02    4.69e-02      7.16e-02    1.73e-01    9.1e-05
  71000      1.65e+01    1.93e+01      8.23e-03    3.60e-02      1.65e-01    1.93e-01    9.1e-05
  72000      1.76e+01    9.51e+00      4.53e-03    5.65e-03      1.76e-01    9.51e-02    9.1e-05
  73000      1.47e+01    1.38e+01      9.49e-03    3.78e-02      1.47e-01    1.38e-01    9.1e-05
  74000      3.74e+01    1.98e+01      1.11e-02    3.53e-02      3.74e-01    1.98e-01    9.1e-05
  75000      2.21e+01    2.03e+01      1.46e-02    1.12e-03      2.21e-01    2.03e-01    7.7e-05
  76000      1.40e+01    2.95e+01      4.75e-02    6.23e-03      1.40e-01    2.95e-01    7.7e-05
  77000      2.75e+01    1.02e+01      9.05e-03    2.17e-02      2.75e-01    1.02e-01    7.7e-05
  78000      2.56e+01    1.49e+01      8.92e-03    1.59e-02      2.56e-01    1.49e-01    7.7e-05
  79000      1.32e+01    1.76e+01      3.17e-02    4.35e-02      1.32e-01    1.76e-01    7.7e-05
  80000      2.11e+01    1.59e+01      2.49e-02    2.61e-02      2.11e-01    1.59e-01    6.5e-05
  81000      6.36e+00    1.12e+01      5.52e-02    1.19e-02      6.36e-02    1.12e-01    6.5e-05
  82000      8.18e+00    3.22e+01      3.01e-02    2.75e-04      8.18e-02    3.22e-01    6.5e-05
  83000      2.45e+01    1.93e+01      1.96e-02    8.14e-03      2.45e-01    1.93e-01    6.5e-05
  84000      2.10e+01    9.59e+00      5.28e-02    2.61e-02      2.10e-01    9.59e-02    6.5e-05
  85000      1.84e+01    6.31e+00      5.22e-02    2.83e-02      1.84e-01    6.31e-02    5.5e-05
  86000      1.37e+01    1.92e+01      2.02e-02    1.30e-02      1.37e-01    1.92e-01    5.5e-05
  87000      2.54e+01    1.26e+01      2.85e-02    2.90e-02      2.54e-01    1.26e-01    5.5e-05
  88000      4.41e+01    1.75e+01      3.75e-02    4.17e-02      4.41e-01    1.75e-01    5.5e-05
  89000      8.30e+00    1.89e+01      1.16e-02    1.39e-02      8.30e-02    1.89e-01    5.5e-05
  90000      5.48e+00    1.42e+01      1.14e-02    1.86e-02      5.48e-02    1.42e-01    4.6e-05
  91000      4.09e+01    1.02e+01      4.12e-01    2.37e-01      4.09e-01    1.02e-01    4.6e-05
  92000      1.94e+01    3.82e+01      6.60e-03    1.69e-01      1.94e-01    3.82e-01    4.6e-05
  93000      2.47e+01    1.36e+01      8.93e-02    3.49e-02      2.47e-01    1.36e-01    4.6e-05
  94000      8.24e+00    1.90e+01      6.46e-02    4.77e-02      8.24e-02    1.90e-01    4.6e-05
  95000      7.32e+00    2.15e+01      2.53e-03    7.29e-03      7.32e-02    2.15e-01    3.9e-05
  96000      1.91e+01    1.38e+01      1.08e-02    8.82e-03      1.91e-01    1.38e-01    3.9e-05
  97000      1.62e+01    2.24e+01      1.63e-02    3.07e-03      1.62e-01    2.24e-01    3.9e-05
  98000      1.96e+01    7.69e+00      4.71e-02    5.39e-02      1.96e-01    7.69e-02    3.9e-05
  99000      1.32e+01    3.44e+01      1.84e-01    1.63e-01      1.32e-01    3.44e-01    3.9e-05
 100000      1.17e+01    5.91e+00      3.08e-03    1.42e-02      1.17e-01    5.91e-02    3.3e-05
 101000      9.25e+00    4.95e+00      2.92e-04    1.45e-03      9.25e-02    4.95e-02    3.3e-05
 102000      1.24e+01    1.48e+01      1.61e-03    2.79e-03      1.24e-01    1.48e-01    3.3e-05
 103000      1.87e+01    1.92e+01      2.07e-03    1.62e-02      1.87e-01    1.92e-01    3.3e-05
 104000      1.07e+01    1.26e+01      1.53e-02    1.85e-02      1.07e-01    1.26e-01    3.3e-05
 105000      2.55e+01    3.35e+01      1.59e-02    1.77e-02      2.55e-01    3.35e-01    2.8e-05
 106000      2.02e+01    1.19e+01      1.98e-02    1.22e-02      2.02e-01    1.19e-01    2.8e-05
 107000      1.33e+01    4.84e+01      2.77e-02    1.32e-01      1.33e-01    4.84e-01    2.8e-05
 108000      1.61e+01    9.71e+00      3.88e-02    4.51e-02      1.61e-01    9.71e-02    2.8e-05
 109000      1.14e+01    2.45e+01      1.61e-02    2.20e-02      1.14e-01    2.45e-01    2.8e-05
 110000      1.53e+01    2.22e+01      4.57e-03    3.15e-03      1.53e-01    2.22e-01    2.3e-05
 111000      8.98e+00    1.89e+01      4.32e-03    2.51e-02      8.98e-02    1.89e-01    2.3e-05
 112000      3.08e+01    1.87e+01      2.06e-02    6.62e-03      3.08e-01    1.87e-01    2.3e-05
 113000      1.42e+01    1.10e+01      1.22e-02    2.72e-02      1.42e-01    1.10e-01    2.3e-05
 114000      1.29e+01    1.14e+01      4.56e-03    2.47e-03      1.29e-01    1.14e-01    2.3e-05
 115000      3.22e+01    5.40e+00      6.72e-04    1.52e-02      3.22e-01    5.40e-02    2.0e-05
 116000      1.00e+01    1.71e+01      3.87e-02    1.12e-02      1.00e-01    1.71e-01    2.0e-05
 117000      4.49e+01    1.94e+01      2.33e-03    1.52e-03      4.49e-01    1.94e-01    2.0e-05
 118000      1.35e+01    1.11e+01      3.43e-02    3.62e-03      1.35e-01    1.11e-01    2.0e-05
 119000      1.80e+01    1.26e+01      1.03e-02    8.28e-03      1.80e-01    1.26e-01    2.0e-05
 120000      3.03e+01    1.83e+01      3.21e-02    3.12e-02      3.03e-01    1.83e-01    1.7e-05
 121000      3.59e+01    1.36e+01      5.21e-03    3.99e-02      3.59e-01    1.36e-01    1.7e-05
 122000      1.79e+01    3.11e+01      2.10e-02    1.34e-02      1.79e-01    3.11e-01    1.7e-05
 123000      4.36e+01    4.58e+01      2.32e-02    3.14e-02      4.36e-01    4.58e-01    1.7e-05
 124000      2.09e+01    1.50e+01      1.93e-02    3.15e-02      2.09e-01    1.50e-01    1.7e-05
 125000      1.34e+01    8.54e+00      8.08e-03    3.07e-03      1.34e-01    8.54e-02    1.4e-05
 126000      1.12e+01    1.08e+01      9.24e-03    2.16e-02      1.12e-01    1.08e-01    1.4e-05
 127000      2.00e+01    2.26e+01      1.06e-02    1.27e-02      2.00e-01    2.26e-01    1.4e-05
 128000      1.79e+01    2.24e+01      9.26e-03    3.28e-02      1.79e-01    2.24e-01    1.4e-05
 129000      1.63e+01    1.25e+01      1.57e-02    1.20e-02      1.63e-01    1.25e-01    1.4e-05
 130000      2.50e+01    2.38e+01      2.84e-02    2.99e-02      2.50e-01    2.38e-01    1.2e-05
 131000      1.78e+01    2.15e+01      7.09e-03    1.36e-02      1.78e-01    2.15e-01    1.2e-05
 132000      7.44e+00    3.90e+01      5.39e-02    1.18e-02      7.44e-02    3.90e-01    1.2e-05
 133000      1.87e+01    1.21e+01      6.64e-03    4.04e-02      1.87e-01    1.21e-01    1.2e-05
 134000      9.19e+00    1.60e+01      1.93e-02    3.45e-03      9.19e-02    1.60e-01    1.2e-05
 135000      1.20e+01    1.17e+01      8.65e-03    3.86e-02      1.20e-01    1.17e-01    9.9e-06
 136000      2.68e+01    1.68e+01      2.81e-02    3.93e-02      2.68e-01    1.68e-01    9.9e-06
 137000      1.22e+01    2.05e+01      3.02e-03    2.37e-02      1.22e-01    2.05e-01    9.9e-06
 138000      2.26e+01    2.74e+01      2.58e-05    1.74e-02      2.26e-01    2.74e-01    9.9e-06
 139000      1.72e+01    1.60e+01      6.59e-03    8.66e-03      1.72e-01    1.60e-01    9.9e-06
 140000      2.74e+01    3.33e+01      1.24e-02    1.08e-03      2.74e-01    3.33e-01    8.3e-06
 141000      1.46e+01    1.41e+01      1.65e-02    1.12e-02      1.46e-01    1.41e-01    8.3e-06
 142000      1.46e+01    5.44e+00      4.61e-03    3.93e-03      1.46e-01    5.44e-02    8.3e-06
 143000      2.43e+01    2.33e+01      4.38e-03    1.51e-02      2.43e-01    2.33e-01    8.3e-06
 144000      1.52e+01    4.06e+01      1.28e-03    2.81e-02      1.52e-01    4.06e-01    8.3e-06
 145000      7.35e+00    9.54e+00      1.43e-02    3.10e-03      7.35e-02    9.54e-02    7.0e-06
 146000      4.49e+01    1.30e+01      1.74e-02    1.84e-02      4.49e-01    1.30e-01    7.0e-06
 147000      6.07e+00    1.25e+01      5.82e-02    5.11e-02      6.07e-02    1.25e-01    7.0e-06
 148000      1.01e+01    3.23e+01      5.99e-02    1.53e-02      1.01e-01    3.23e-01    7.0e-06
 149000      1.86e+01    1.66e+01      1.87e-02    2.48e-03      1.86e-01    1.66e-01    7.0e-06
 150000      1.61e+01    1.33e+01      1.38e-02    4.48e-03      1.61e-01    1.33e-01    5.9e-06
 151000      1.21e+01    1.08e+01      1.20e-02    1.92e-02      1.21e-01    1.08e-01    5.9e-06
 152000      2.94e+01    2.57e+01      2.84e-05    2.33e-02      2.94e-01    2.57e-01    5.9e-06
 153000      1.85e+01    7.05e+00      3.11e-02    2.99e-02      1.85e-01    7.05e-02    5.9e-06
 154000      3.30e+01    1.21e+01      3.78e-02    8.71e-03      3.30e-01    1.21e-01    5.9e-06
 155000      1.90e+01    1.78e+01      3.49e-03    8.31e-04      1.90e-01    1.78e-01    5.0e-06
 156000      1.61e+01    1.83e+01      8.08e-03    6.00e-03      1.61e-01    1.83e-01    5.0e-06
 157000      1.19e+01    3.37e+01      1.59e-02    1.38e-02      1.19e-01    3.37e-01    5.0e-06
 158000      1.34e+01    3.44e+01      4.32e-02    8.08e-03      1.34e-01    3.44e-01    5.0e-06
 159000      2.88e+01    2.11e+01      1.80e-03    7.07e-03      2.88e-01    2.11e-01    5.0e-06
 160000      2.69e+01    1.10e+01      9.21e-03    5.38e-03      2.69e-01    1.10e-01    4.2e-06
 161000      1.42e+01    1.56e+01      1.33e-02    4.20e-02      1.42e-01    1.56e-01    4.2e-06
 162000      9.72e+00    1.79e+01      3.84e-03    1.73e-02      9.72e-02    1.79e-01    4.2e-06
 163000      1.56e+01    1.25e+01      2.11e-02    1.37e-02      1.56e-01    1.25e-01    4.2e-06
 164000      1.55e+01    1.44e+01      9.50e-03    5.50e-03      1.55e-01    1.44e-01    4.2e-06
 165000      1.05e+01    1.55e+01      1.43e-02    1.39e-02      1.05e-01    1.55e-01    3.5e-06
 166000      2.46e+01    2.70e+01      7.13e-03    1.62e-02      2.46e-01    2.70e-01    3.5e-06
 167000      2.61e+01    2.08e+01      4.83e-02    3.14e-02      2.61e-01    2.08e-01    3.5e-06
 168000      1.53e+01    1.37e+01      2.05e-02    8.59e-03      1.53e-01    1.37e-01    3.5e-06
 169000      9.63e+00    1.75e+01      1.35e-02    5.46e-03      9.63e-02    1.75e-01    3.5e-06
 170000      1.80e+01    1.32e+01      2.98e-03    1.70e-02      1.80e-01    1.32e-01    3.0e-06
 171000      2.04e+01    9.66e+00      3.89e-02    4.76e-02      2.04e-01    9.66e-02    3.0e-06
 172000      3.79e+01    1.21e+01      2.69e-02    1.07e-02      3.79e-01    1.21e-01    3.0e-06
 173000      3.23e+01    1.19e+01      1.21e-02    4.12e-02      3.23e-01    1.19e-01    3.0e-06
 174000      7.69e+00    2.86e+01      4.33e-02    4.99e-03      7.69e-02    2.86e-01    3.0e-06
 175000      2.07e+01    7.02e+00      2.56e-02    3.38e-02      2.07e-01    7.02e-02    2.5e-06
 176000      5.50e+00    5.91e+00      1.17e-03    1.73e-03      5.50e-02    5.91e-02    2.5e-06
 177000      1.44e+01    2.04e+01      1.36e-02    8.67e-03      1.44e-01    2.04e-01    2.5e-06
 178000      9.11e+00    2.28e+01      3.49e-02    1.70e-02      9.11e-02    2.28e-01    2.5e-06
 179000      1.98e+01    2.85e+01      7.61e-03    1.20e-02      1.98e-01    2.85e-01    2.5e-06
 180000      1.22e+01    2.73e+01      7.17e-03    6.47e-03      1.22e-01    2.73e-01    2.1e-06
 181000      1.02e+01    2.95e+01      4.25e-03    3.72e-04      1.02e-01    2.95e-01    2.1e-06
 182000      2.39e+01    2.10e+01      3.09e-02    1.32e-02      2.39e-01    2.10e-01    2.1e-06
 183000      3.78e+01    1.24e+01      6.24e-03    4.61e-02      3.78e-01    1.24e-01    2.1e-06
 184000      1.91e+01    1.05e+01      5.17e-03    6.79e-03      1.91e-01    1.05e-01    2.1e-06
 185000      1.25e+01    1.48e+01      8.50e-04    4.57e-03      1.25e-01    1.48e-01    1.8e-06
 186000      2.49e+01    5.81e+00      4.64e-03    3.94e-02      2.49e-01    5.81e-02    1.8e-06
 187000      1.08e+01    2.89e+01      2.87e-02    3.87e-02      1.08e-01    2.89e-01    1.8e-06
 188000      2.39e+01    2.77e+01      1.54e-02    2.37e-02      2.39e-01    2.77e-01    1.8e-06
 189000      1.88e+01    2.04e+01      2.15e-02    1.99e-02      1.88e-01    2.04e-01    1.8e-06
 190000      1.02e+01    1.62e+01      2.07e-02    5.93e-03      1.02e-01    1.62e-01    1.5e-06
 191000      1.21e+01    9.45e+00      4.29e-02    3.89e-03      1.21e-01    9.45e-02    1.5e-06
 192000      2.08e+01    1.75e+01      3.29e-03    8.03e-04      2.08e-01    1.75e-01    1.5e-06
 193000      1.28e+01    2.08e+01      1.79e-03    2.52e-02      1.28e-01    2.08e-01    1.5e-06
 194000      2.28e+01    1.23e+01      1.74e-02    2.97e-02      2.28e-01    1.23e-01    1.5e-06
 195000      1.02e+01    1.12e+01      1.57e-02    1.59e-02      1.02e-01    1.12e-01    1.3e-06
 196000      2.86e+01    1.08e+01      1.89e-02    1.41e-03      2.86e-01    1.08e-01    1.3e-06
 197000      1.28e+01    1.22e+01      7.48e-03    1.43e-02      1.28e-01    1.22e-01    1.3e-06
 198000      2.02e+01    1.38e+01      1.60e-02    9.97e-03      2.02e-01    1.38e-01    1.3e-06
 199000      2.36e+01    8.13e+00      2.76e-02    4.18e-02      2.36e-01    8.13e-02    1.3e-06
 200000      2.54e+01    1.08e+01      1.13e-02    4.16e-03      2.54e-01    1.08e-01    1.1e-06
 201000      5.32e+00    2.45e+01      1.31e-02    1.11e-02      5.32e-02    2.45e-01    1.1e-06
 202000      3.41e+01    1.54e+01      3.71e-03    1.46e-02      3.41e-01    1.54e-01    1.1e-06
 203000      2.63e+01    6.41e+00      1.38e-02    7.54e-03      2.63e-01    6.41e-02    1.1e-06
 204000      1.32e+01    1.02e+01      7.63e-03    1.28e-02      1.32e-01    1.02e-01    1.1e-06
 205000      2.90e+01    9.61e+00      1.79e-02    3.22e-03      2.90e-01    9.61e-02    9.0e-07
 206000      8.23e+00    7.79e+00      1.32e-02    1.53e-02      8.23e-02    7.79e-02    9.0e-07
 207000      3.46e+01    1.30e+01      1.06e-03    6.50e-03      3.46e-01    1.30e-01    9.0e-07
 208000      1.56e+01    2.12e+01      4.92e-03    7.69e-03      1.56e-01    2.12e-01    9.0e-07
 209000      3.06e+01    5.67e+00      8.89e-03    4.36e-06      3.06e-01    5.67e-02    9.0e-07
 210000      1.32e+01    5.22e+00      8.98e-03    3.14e-04      1.32e-01    5.22e-02    7.6e-07
 211000      1.24e+01    1.22e+01      3.56e-02    1.01e-02      1.24e-01    1.22e-01    7.6e-07
 212000      1.37e+01    7.71e+00      1.12e-02    6.25e-03      1.37e-01    7.71e-02    7.6e-07
 213000      1.23e+01    2.92e+01      1.22e-02    2.86e-02      1.23e-01    2.92e-01    7.6e-07
 214000      6.12e+00    8.10e+00      5.10e-03    1.55e-02      6.12e-02    8.10e-02    7.6e-07
 215000      2.14e+01    5.71e+01      1.38e-02    1.69e-02      2.14e-01    5.71e-01    6.4e-07
 216000      6.87e+00    1.41e+01      7.63e-03    1.01e-02      6.87e-02    1.41e-01    6.4e-07
 217000      1.54e+01    2.13e+01      1.50e-03    1.76e-02      1.54e-01    2.13e-01    6.4e-07
 218000      3.11e+01    2.78e+01      1.58e-02    1.77e-03      3.11e-01    2.78e-01    6.4e-07
 219000      1.43e+01    4.22e+01      5.32e-03    3.71e-02      1.43e-01    4.22e-01    6.4e-07
 220000      2.05e+01    1.25e+01      2.18e-03    4.24e-02      2.05e-01    1.25e-01    5.4e-07
 221000      1.37e+01    1.38e+01      7.99e-03    6.74e-03      1.37e-01    1.38e-01    5.4e-07
 222000      3.97e+01    1.54e+01      5.96e-03    1.16e-02      3.97e-01    1.54e-01    5.4e-07
 223000      1.40e+01    3.65e+01      4.97e-03    2.20e-02      1.40e-01    3.65e-01    5.4e-07
 224000      1.95e+01    1.13e+01      2.11e-04    7.15e-03      1.95e-01    1.13e-01    5.4e-07
 225000      1.60e+01    2.70e+01      2.65e-03    4.48e-02      1.60e-01    2.70e-01    4.6e-07
 226000      4.68e+01    1.05e+01      2.57e-02    2.89e-03      4.68e-01    1.05e-01    4.6e-07
 227000      8.13e+00    8.33e+00      1.60e-02    1.02e-03      8.13e-02    8.33e-02    4.6e-07
 228000      1.71e+01    7.56e+00      7.72e-04    3.47e-02      1.71e-01    7.56e-02    4.6e-07
 229000      4.04e+01    4.39e+01      2.59e-02    2.02e-02      4.04e-01    4.39e-01    4.6e-07
 230000      3.26e+01    1.70e+01      7.09e-03    6.13e-03      3.26e-01    1.70e-01    3.8e-07
 231000      1.27e+01    5.96e+00      3.56e-02    3.02e-03      1.27e-01    5.96e-02    3.8e-07
 232000      1.12e+01    1.26e+01      3.70e-02    1.00e-02      1.12e-01    1.26e-01    3.8e-07
 233000      9.50e+00    2.31e+01      4.38e-02    9.64e-04      9.50e-02    2.31e-01    3.8e-07
 234000      7.20e+00    7.82e+00      1.96e-03    9.01e-03      7.20e-02    7.82e-02    3.8e-07
 235000      1.35e+01    9.89e+00      1.33e-02    7.00e-03      1.35e-01    9.89e-02    3.2e-07
 236000      2.65e+01    6.57e+00      1.28e-02    3.83e-03      2.65e-01    6.57e-02    3.2e-07
 237000      2.07e+01    2.08e+01      2.15e-02    7.76e-03      2.07e-01    2.08e-01    3.2e-07
 238000      1.67e+01    1.32e+01      9.33e-03    3.18e-02      1.67e-01    1.32e-01    3.2e-07
 239000      1.14e+01    1.24e+01      4.12e-02    3.72e-03      1.14e-01    1.24e-01    3.2e-07
 240000      3.06e+01    7.77e+00      1.50e-02    1.07e-02      3.06e-01    7.77e-02    2.7e-07
 241000      3.43e+01    2.26e+01      8.19e-04    4.74e-03      3.43e-01    2.26e-01    2.7e-07
 242000      2.16e+01    2.33e+01      1.39e-03    4.00e-03      2.16e-01    2.33e-01    2.7e-07
 243000      2.92e+01    2.54e+01      6.38e-03    1.36e-02      2.92e-01    2.54e-01    2.7e-07
 244000      1.60e+01    2.43e+01      4.06e-02    4.23e-02      1.60e-01    2.43e-01    2.7e-07
 245000      2.26e+01    5.25e+00      1.45e-02    2.73e-03      2.26e-01    5.25e-02    2.3e-07
 246000      1.08e+01    1.34e+01      7.95e-03    8.78e-03      1.08e-01    1.34e-01    2.3e-07
 247000      1.20e+01    2.03e+01      2.56e-03    1.67e-02      1.20e-01    2.03e-01    2.3e-07
 248000      2.27e+01    2.00e+00      9.00e-03    6.63e-03      2.27e-01    2.00e-02    2.3e-07
 249000      1.02e+01    2.10e+01      3.75e-02    1.20e-02      1.02e-01    2.10e-01    2.3e-07
 250000      2.24e+01    3.20e+01      7.19e-03    1.14e-02      2.24e-01    3.20e-01    1.9e-07
 251000      2.24e+01    1.32e+01      1.55e-02    1.25e-02      2.24e-01    1.32e-01    1.9e-07
 252000      1.16e+01    3.22e+01      5.47e-03    2.93e-02      1.16e-01    3.22e-01    1.9e-07
 253000      1.20e+01    1.31e+01      3.50e-03    1.02e-02      1.20e-01    1.31e-01    1.9e-07
 254000      1.33e+01    7.30e+00      4.43e-03    1.47e-03      1.33e-01    7.30e-02    1.9e-07
 255000      5.83e+00    2.86e+01      3.80e-02    3.24e-04      5.83e-02    2.86e-01    1.6e-07
 256000      1.89e+01    1.24e+01      1.01e-02    8.25e-03      1.89e-01    1.24e-01    1.6e-07
 257000      1.93e+01    2.51e+01      2.43e-02    1.28e-02      1.93e-01    2.51e-01    1.6e-07
 258000      5.98e+00    1.96e+01      4.72e-03    1.77e-02      5.98e-02    1.96e-01    1.6e-07
 259000      1.44e+01    2.94e+01      1.03e-02    1.01e-02      1.44e-01    2.94e-01    1.6e-07
 260000      6.66e+00    7.06e+00      1.41e-02    4.26e-02      6.66e-02    7.06e-02    1.4e-07
 261000      8.51e+00    1.20e+01      7.57e-03    9.47e-03      8.51e-02    1.20e-01    1.4e-07
 262000      1.10e+01    1.21e+01      3.96e-02    2.08e-03      1.10e-01    1.21e-01    1.4e-07
 263000      1.73e+01    3.29e+01      1.69e-02    1.57e-02      1.73e-01    3.29e-01    1.4e-07
 264000      7.89e+00    1.50e+01      1.33e-02    8.08e-03      7.89e-02    1.50e-01    1.4e-07
 265000      1.46e+01    1.22e+01      9.09e-03    1.31e-03      1.46e-01    1.22e-01    1.2e-07
 266000      3.80e+01    1.48e+01      4.51e-02    8.10e-03      3.80e-01    1.48e-01    1.2e-07
 267000      6.20e+00    2.72e+01      1.41e-02    2.95e-03      6.20e-02    2.72e-01    1.2e-07
 268000      1.38e+01    1.73e+01      1.54e-02    3.51e-03      1.38e-01    1.73e-01    1.2e-07
 269000      2.56e+01    1.28e+01      2.49e-03    4.71e-03      2.56e-01    1.28e-01    1.2e-07
 270000      1.55e+01    1.13e+01      1.01e-02    9.97e-03      1.55e-01    1.13e-01    9.8e-08
 271000      2.00e+01    2.37e+01      1.71e-02    2.49e-02      2.00e-01    2.37e-01    9.8e-08
 272000      2.55e+01    5.98e+00      1.04e-02    1.18e-03      2.55e-01    5.98e-02    9.8e-08
 273000      3.27e+01    1.48e+01      1.64e-02    1.36e-03      3.27e-01    1.48e-01    9.8e-08
 274000      1.33e+01    2.91e+01      7.36e-03    2.40e-02      1.33e-01    2.91e-01    9.8e-08
 275000      3.39e+01    3.43e+01      3.48e-02    1.43e-02      3.39e-01    3.43e-01    8.3e-08
 276000      1.94e+01    1.03e+01      2.95e-03    8.32e-03      1.94e-01    1.03e-01    8.3e-08
 277000      2.01e+01    1.24e+01      5.16e-03    4.75e-03      2.01e-01    1.24e-01    8.3e-08
 278000      2.07e+01    2.19e+01      9.96e-03    2.15e-02      2.07e-01    2.19e-01    8.3e-08
 279000      9.36e+00    1.87e+01      8.67e-03    4.56e-03      9.36e-02    1.87e-01    8.3e-08
 280000      7.15e+00    3.37e+01      8.24e-03    1.62e-02      7.15e-02    3.37e-01    7.0e-08
 281000      2.46e+01    2.17e+01      3.47e-02    8.18e-03      2.46e-01    2.17e-01    7.0e-08
 282000      2.55e+01    6.80e+00      2.69e-02    1.26e-02      2.55e-01    6.80e-02    7.0e-08
 283000      1.06e+01    1.20e+01      8.86e-03    8.20e-03      1.06e-01    1.20e-01    7.0e-08
 284000      1.60e+01    3.61e+01      7.95e-03    2.63e-02      1.60e-01    3.61e-01    7.0e-08
 285000      1.48e+01    1.47e+01      6.69e-03    1.39e-02      1.48e-01    1.47e-01    5.9e-08
 286000      3.24e+01    1.25e+01      1.88e-02    3.76e-02      3.24e-01    1.25e-01    5.9e-08
 287000      1.56e+01    5.87e+00      3.79e-02    1.42e-02      1.56e-01    5.87e-02    5.9e-08
 288000      1.40e+01    1.56e+01      1.00e-02    1.03e-02      1.40e-01    1.56e-01    5.9e-08
 289000      1.11e+01    1.02e+01      3.98e-03    3.23e-02      1.11e-01    1.02e-01    5.9e-08
 290000      1.40e+01    9.63e+00      3.02e-02    5.70e-03      1.40e-01    9.63e-02    4.9e-08
 291000      9.68e+00    2.26e+01      4.74e-03    1.53e-02      9.68e-02    2.26e-01    4.9e-08
 292000      9.24e+00    1.95e+01      5.67e-03    1.99e-03      9.24e-02    1.95e-01    4.9e-08
 293000      1.69e+01    1.60e+01      1.59e-02    1.92e-02      1.69e-01    1.60e-01    4.9e-08
 294000      2.78e+01    1.47e+01      3.57e-02    6.62e-03      2.78e-01    1.47e-01    4.9e-08
 295000      1.06e+01    8.23e+00      3.19e-03    1.89e-03      1.06e-01    8.23e-02    4.2e-08
 296000      5.85e+00    1.87e+01      1.62e-02    6.25e-03      5.85e-02    1.87e-01    4.2e-08
 297000      2.06e+01    3.28e+01      6.91e-03    7.38e-03      2.06e-01    3.28e-01    4.2e-08
 298000      1.86e+01    2.09e+01      3.08e-03    2.14e-02      1.86e-01    2.09e-01    4.2e-08
 299000      8.69e+00    1.07e+01      4.11e-02    5.50e-03      8.69e-02    1.07e-01    4.2e-08
 300000      1.47e+01    5.32e+01      9.01e-03    7.91e-02      1.47e-01    5.32e-01    3.5e-08
